Sat May 04 10:54:10 NZST 2024 : Apache Derby Network Server - 10.14.2.0 - (1828579) started and ready to accept connections on port 1527
----------------------------------------------------------------
Sat May 04 10:54:10 NZST 2024:
Booting Derby version The Apache Software Foundation - Apache Derby - 10.14.2.0 - (1828579): instance a816c00e-018f-40aa-3d75-00007ff2fbaa 
on database directory C:\Users\pasca\OneDrive\Desktop\Dokumente\4. Semester\Program Design and Construction\OnlineShop\db\OnlineShopDB with class loader jdk.internal.loader.ClassLoaders$AppClassLoader@30946e09 
Loaded from file:/C:/Users/pasca/OneDrive/Desktop/Dokumente/4.%20Semester/Program%20Design%20and%20Construction/OnlineShop/db/db-derby-10.14.2.0-bin/lib/derby.jar
java.vendor=Oracle Corporation
java.runtime.version=11.0.21+9-LTS-193
user.dir=C:\Users\pasca\OneDrive\Desktop\Dokumente\4. Semester\Program Design and Construction\OnlineShop\db\db-derby-10.14.2.0-bin
os.name=Windows 11
os.arch=amd64
os.version=10.0
derby.system.home=C:\Users\pasca\OneDrive\Desktop\Dokumente\4. Semester\Program Design and Construction\OnlineShop\db
Database Class Loader started - derby.database.classpath=''
----------------------------------------------------------------
Sat May 04 10:54:12 NZST 2024:
Shutting down instance a816c00e-018f-40aa-3d75-00007ff2fbaa on database directory C:\Users\pasca\OneDrive\Desktop\Dokumente\4. Semester\Program Design and Construction\OnlineShop\db\OnlineShopDB with class loader jdk.internal.loader.ClassLoaders$AppClassLoader@30946e09 
Sat May 04 10:54:12 NZST 2024 Thread[DRDAConnThread_3,5,main] (DATABASE = OnlineShopDB), (DRDAID = {2}), Database 'OnlineShopDB' shutdown.
----------------------------------------------------------------
Sat May 04 10:55:04 NZST 2024:
Booting Derby version The Apache Software Foundation - Apache Derby - 10.14.2.0 - (1828579): instance 6ede40af-018f-40aa-3d75-00007ff2fbaa 
on database directory C:\Users\pasca\OneDrive\Desktop\Dokumente\4. Semester\Program Design and Construction\OnlineShop\db\OnlineShopDB with class loader jdk.internal.loader.ClassLoaders$AppClassLoader@30946e09 
Loaded from file:/C:/Users/pasca/OneDrive/Desktop/Dokumente/4.%20Semester/Program%20Design%20and%20Construction/OnlineShop/db/db-derby-10.14.2.0-bin/lib/derby.jar
java.vendor=Oracle Corporation
java.runtime.version=11.0.21+9-LTS-193
user.dir=C:\Users\pasca\OneDrive\Desktop\Dokumente\4. Semester\Program Design and Construction\OnlineShop\db\db-derby-10.14.2.0-bin
os.name=Windows 11
os.arch=amd64
os.version=10.0
derby.system.home=C:\Users\pasca\OneDrive\Desktop\Dokumente\4. Semester\Program Design and Construction\OnlineShop\db
Database Class Loader started - derby.database.classpath=''
----------------------------------------------------------------
Sat May 04 11:01:58 NZST 2024: Shutting down Derby engine
----------------------------------------------------------------
Sat May 04 11:01:58 NZST 2024:
Shutting down instance 6ede40af-018f-40aa-3d75-00007ff2fbaa on database directory C:\Users\pasca\OneDrive\Desktop\Dokumente\4. Semester\Program Design and Construction\OnlineShop\db\OnlineShopDB with class loader jdk.internal.loader.ClassLoaders$AppClassLoader@30946e09 
----------------------------------------------------------------
